<?xml version="1.0" encoding="UTF-8"?>
<coverage generated="1598275636896" clover="3.2.0">
  <project timestamp="1598275636896" name="All files">
    <metrics statements="72" coveredstatements="25" conditionals="16" coveredconditionals="8" methods="28" coveredmethods="8" elements="116" coveredelements="41" complexity="0" loc="72" ncloc="72" packages="2" files="5" classes="5">
      <package name="src">
        <metrics statements="10" coveredstatements="7" conditionals="4" coveredconditionals="2" methods="1" coveredmethods="1"/>
        <file name="App.js" path="/Users/rahuljain/Desktop/ThinkBridge/shopbridge/src/App.js">
          <metrics statements="9" coveredstatements="7" conditionals="4" coveredconditionals="2" methods="1" coveredmethods="1"/>
          <line num="7" count="1" type="stmt"/>
          <line num="11" count="1" type="stmt"/>
          <line num="12" count="1" type="stmt"/>
          <line num="14" count="1" type="cond" truecount="1" falsecount="1"/>
          <line num="15" count="0" type="stmt"/>
          <line num="16" count="1" type="cond" truecount="1" falsecount="1"/>
          <line num="17" count="0" type="stmt"/>
          <line num="19" count="1" type="stmt"/>
          <line num="21" count="1" type="stmt"/>
        </file>
        <file name="index.js" path="/Users/rahuljain/Desktop/ThinkBridge/shopbridge/src/index.js">
          <metrics statements="1" coveredstatements="0" conditionals="0" coveredconditionals="0" methods="0" coveredmethods="0"/>
          <line num="1" count="0" type="stmt"/>
        </file>
      </package>
      <package name="src.components">
        <metrics statements="62" coveredstatements="18" conditionals="12" coveredconditionals="6" methods="27" coveredmethods="7"/>
        <file name="Home.js" path="/Users/rahuljain/Desktop/ThinkBridge/shopbridge/src/components/Home.js">
          <metrics statements="13" coveredstatements="4" conditionals="4" coveredconditionals="2" methods="8" coveredmethods="2"/>
          <line num="10" count="3" type="stmt"/>
          <line num="11" count="3" type="stmt"/>
          <line num="29" count="0" type="stmt"/>
          <line num="35" count="0" type="stmt"/>
          <line num="38" count="0" type="stmt"/>
          <line num="42" count="3" type="cond" truecount="1" falsecount="1"/>
          <line num="43" count="0" type="stmt"/>
          <line num="45" count="3" type="stmt"/>
          <line num="53" count="0" type="stmt"/>
          <line num="56" count="0" type="stmt"/>
          <line num="59" count="0" type="stmt"/>
          <line num="62" count="0" type="stmt"/>
          <line num="65" count="0" type="stmt"/>
        </file>
        <file name="Inventory.js" path="/Users/rahuljain/Desktop/ThinkBridge/shopbridge/src/components/Inventory.js">
          <metrics statements="42" coveredstatements="13" conditionals="8" coveredconditionals="4" methods="17" coveredmethods="5"/>
          <line num="16" count="5" type="stmt"/>
          <line num="18" count="5" type="stmt"/>
          <line num="50" count="5" type="cond" truecount="1" falsecount="1"/>
          <line num="51" count="0" type="stmt"/>
          <line num="53" count="5" type="stmt"/>
          <line num="57" count="5" type="stmt"/>
          <line num="61" count="0" type="stmt"/>
          <line num="62" count="0" type="stmt"/>
          <line num="68" count="0" type="stmt"/>
          <line num="72" count="0" type="stmt"/>
          <line num="76" count="5" type="stmt"/>
          <line num="77" count="25" type="stmt"/>
          <line num="80" count="0" type="stmt"/>
          <line num="85" count="0" type="stmt"/>
          <line num="90" count="5" type="stmt"/>
          <line num="94" count="0" type="stmt"/>
          <line num="95" count="0" type="stmt"/>
          <line num="96" count="0" type="stmt"/>
          <line num="99" count="0" type="stmt"/>
          <line num="100" count="0" type="stmt"/>
          <line num="101" count="0" type="stmt"/>
          <line num="102" count="0" type="stmt"/>
          <line num="106" count="5" type="cond" truecount="1" falsecount="1"/>
          <line num="107" count="5" type="stmt"/>
          <line num="108" count="0" type="stmt"/>
          <line num="116" count="0" type="stmt"/>
          <line num="121" count="5" type="stmt"/>
          <line num="126" count="0" type="stmt"/>
          <line num="127" count="0" type="stmt"/>
          <line num="128" count="0" type="stmt"/>
          <line num="129" count="0" type="stmt"/>
          <line num="130" count="0" type="stmt"/>
          <line num="138" count="0" type="stmt"/>
          <line num="139" count="0" type="stmt"/>
          <line num="140" count="0" type="stmt"/>
          <line num="142" count="0" type="stmt"/>
          <line num="151" count="5" type="cond" truecount="1" falsecount="1"/>
          <line num="152" count="0" type="stmt"/>
          <line num="160" count="5" type="stmt"/>
          <line num="166" count="0" type="stmt"/>
          <line num="181" count="0" type="stmt"/>
          <line num="198" count="0" type="stmt"/>
        </file>
        <file name="Product.js" path="/Users/rahuljain/Desktop/ThinkBridge/shopbridge/src/components/Product.js">
          <metrics statements="7" coveredstatements="1" conditionals="0" coveredconditionals="0" methods="2" coveredmethods="0"/>
          <line num="5" count="1" type="stmt"/>
          <line num="6" count="0" type="stmt"/>
          <line num="7" count="0" type="stmt"/>
          <line num="8" count="0" type="stmt"/>
          <line num="14" count="0" type="stmt"/>
          <line num="15" count="0" type="stmt"/>
          <line num="44" count="0" type="stmt"/>
        </file>
      </package>
    </metrics>
  </project>
</coverage>
