{"/Users/rahuljain/Desktop/ThinkBridge/shopbridge/src/App.js": {"path":"/Users/rahuljain/Desktop/ThinkBridge/shopbridge/src/App.js","statementMap":{"0":{"start":{"line":7,"column":15},"end":{"line":7,"column":17}},"1":{"start":{"line":11,"column":16},"end":{"line":11,"column":26}},"2":{"start":{"line":12,"column":16},"end":{"line":12,"column":32}},"3":{"start":{"line":14,"column":4},"end":{"line":20,"column":5}},"4":{"start":{"line":15,"column":6},"end":{"line":15,"column":32}},"5":{"start":{"line":16,"column":11},"end":{"line":20,"column":5}},"6":{"start":{"line":17,"column":6},"end":{"line":17,"column":34}},"7":{"start":{"line":19,"column":6},"end":{"line":19,"column":32}},"8":{"start":{"line":21,"column":4},"end":{"line":36,"column":6}}},"fnMap":{"0":{"name":"(anonymous_0)","decl":{"start":{"line":10,"column":2},"end":{"line":10,"column":3}},"loc":{"start":{"line":10,"column":11},"end":{"line":37,"column":3}},"line":10}},"branchMap":{"0":{"loc":{"start":{"line":14,"column":4},"end":{"line":20,"column":5}},"type":"if","locations":[{"start":{"line":14,"column":4},"end":{"line":20,"column":5}},{"start":{"line":14,"column":4},"end":{"line":20,"column":5}}],"line":14},"1":{"loc":{"start":{"line":16,"column":11},"end":{"line":20,"column":5}},"type":"if","locations":[{"start":{"line":16,"column":11},"end":{"line":20,"column":5}},{"start":{"line":16,"column":11},"end":{"line":20,"column":5}}],"line":16}},"s":{"0":1,"1":1,"2":1,"3":1,"4":0,"5":1,"6":0,"7":1,"8":1},"f":{"0":1},"b":{"0":[0,1],"1":[0,1]},"_coverageSchema":"332fd63041d2c1bcb487cc26dd0d5f7d97098a6c","hash":"5ab07c7f55875163a7d2c5e2e6e2a422209e2052"}
,"/Users/rahuljain/Desktop/ThinkBridge/shopbridge/src/index.js": {"path":"/Users/rahuljain/Desktop/ThinkBridge/shopbridge/src/index.js","statementMap":{"0":{"start":{"line":1,"column":58},"end":{"line":1,"column":120}}},"fnMap":{},"branchMap":{},"s":{"0":0},"f":{},"b":{}}
,"/Users/rahuljain/Desktop/ThinkBridge/shopbridge/src/components/Home.js": {"path":"/Users/rahuljain/Desktop/ThinkBridge/shopbridge/src/components/Home.js","statementMap":{"0":{"start":{"line":10,"column":4},"end":{"line":10,"column":12}},"1":{"start":{"line":11,"column":4},"end":{"line":15,"column":5}},"2":{"start":{"line":29,"column":22},"end":{"line":34,"column":5}},"3":{"start":{"line":35,"column":4},"end":{"line":37,"column":6}},"4":{"start":{"line":38,"column":4},"end":{"line":38,"column":59}},"5":{"start":{"line":42,"column":4},"end":{"line":44,"column":5}},"6":{"start":{"line":43,"column":6},"end":{"line":43,"column":47}},"7":{"start":{"line":45,"column":4},"end":{"line":75,"column":5}},"8":{"start":{"line":53,"column":157},"end":{"line":53,"column":196}},"9":{"start":{"line":56,"column":176},"end":{"line":56,"column":222}},"10":{"start":{"line":59,"column":158},"end":{"line":59,"column":198}},"11":{"start":{"line":62,"column":108},"end":{"line":62,"column":153}},"12":{"start":{"line":65,"column":90},"end":{"line":65,"column":118}}},"fnMap":{"0":{"name":"(anonymous_0)","decl":{"start":{"line":9,"column":2},"end":{"line":9,"column":3}},"loc":{"start":{"line":9,"column":16},"end":{"line":17,"column":3}},"line":9},"1":{"name":"(anonymous_1)","decl":{"start":{"line":19,"column":26},"end":{"line":19,"column":27}},"loc":{"start":{"line":19,"column":32},"end":{"line":39,"column":3}},"line":19},"2":{"name":"(anonymous_2)","decl":{"start":{"line":41,"column":2},"end":{"line":41,"column":3}},"loc":{"start":{"line":41,"column":11},"end":{"line":76,"column":3}},"line":41},"3":{"name":"(anonymous_3)","decl":{"start":{"line":53,"column":150},"end":{"line":53,"column":151}},"loc":{"start":{"line":53,"column":157},"end":{"line":53,"column":196}},"line":53},"4":{"name":"(anonymous_4)","decl":{"start":{"line":56,"column":169},"end":{"line":56,"column":170}},"loc":{"start":{"line":56,"column":176},"end":{"line":56,"column":222}},"line":56},"5":{"name":"(anonymous_5)","decl":{"start":{"line":59,"column":151},"end":{"line":59,"column":152}},"loc":{"start":{"line":59,"column":158},"end":{"line":59,"column":198}},"line":59},"6":{"name":"(anonymous_6)","decl":{"start":{"line":62,"column":101},"end":{"line":62,"column":102}},"loc":{"start":{"line":62,"column":108},"end":{"line":62,"column":153}},"line":62},"7":{"name":"(anonymous_7)","decl":{"start":{"line":65,"column":84},"end":{"line":65,"column":85}},"loc":{"start":{"line":65,"column":90},"end":{"line":65,"column":118}},"line":65}},"branchMap":{"0":{"loc":{"start":{"line":42,"column":4},"end":{"line":44,"column":5}},"type":"if","locations":[{"start":{"line":42,"column":4},"end":{"line":44,"column":5}},{"start":{"line":42,"column":4},"end":{"line":44,"column":5}}],"line":42},"1":{"loc":{"start":{"line":69,"column":10},"end":{"line":70,"column":53}},"type":"binary-expr","locations":[{"start":{"line":69,"column":10},"end":{"line":69,"column":28}},{"start":{"line":70,"column":10},"end":{"line":70,"column":53}}],"line":69}},"s":{"0":3,"1":3,"2":0,"3":0,"4":0,"5":3,"6":0,"7":3,"8":0,"9":0,"10":0,"11":0,"12":0},"f":{"0":3,"1":0,"2":3,"3":0,"4":0,"5":0,"6":0,"7":0},"b":{"0":[0,3],"1":[3,0]},"_coverageSchema":"332fd63041d2c1bcb487cc26dd0d5f7d97098a6c","hash":"539ece389150e69a3759b4ee378ee24dffd63b34"}
,"/Users/rahuljain/Desktop/ThinkBridge/shopbridge/src/components/Inventory.js": {"path":"/Users/rahuljain/Desktop/ThinkBridge/shopbridge/src/components/Inventory.js","statementMap":{"0":{"start":{"line":16,"column":4},"end":{"line":16,"column":17}},"1":{"start":{"line":18,"column":20},"end":{"line":49,"column":5}},"2":{"start":{"line":50,"column":4},"end":{"line":52,"column":5}},"3":{"start":{"line":51,"column":6},"end":{"line":51,"column":47}},"4":{"start":{"line":53,"column":4},"end":{"line":56,"column":5}},"5":{"start":{"line":57,"column":4},"end":{"line":57,"column":53}},"6":{"start":{"line":61,"column":4},"end":{"line":61,"column":24}},"7":{"start":{"line":62,"column":22},"end":{"line":67,"column":5}},"8":{"start":{"line":68,"column":4},"end":{"line":71,"column":6}},"9":{"start":{"line":72,"column":4},"end":{"line":72,"column":41}},"10":{"start":{"line":76,"column":23},"end":{"line":89,"column":6}},"11":{"start":{"line":77,"column":6},"end":{"line":88,"column":8}},"12":{"start":{"line":80,"column":34},"end":{"line":80,"column":68}},"13":{"start":{"line":85,"column":54},"end":{"line":85,"column":81}},"14":{"start":{"line":90,"column":4},"end":{"line":90,"column":22}},"15":{"start":{"line":94,"column":16},"end":{"line":94,"column":49}},"16":{"start":{"line":95,"column":4},"end":{"line":95,"column":24}},"17":{"start":{"line":96,"column":4},"end":{"line":98,"column":7}},"18":{"start":{"line":99,"column":14},"end":{"line":99,"column":40}},"19":{"start":{"line":100,"column":4},"end":{"line":100,"column":22}},"20":{"start":{"line":101,"column":4},"end":{"line":101,"column":42}},"21":{"start":{"line":102,"column":4},"end":{"line":102,"column":43}},"22":{"start":{"line":106,"column":4},"end":{"line":122,"column":5}},"23":{"start":{"line":107,"column":25},"end":{"line":120,"column":8}},"24":{"start":{"line":108,"column":8},"end":{"line":119,"column":10}},"25":{"start":{"line":116,"column":57},"end":{"line":116,"column":79}},"26":{"start":{"line":121,"column":6},"end":{"line":121,"column":24}},"27":{"start":{"line":126,"column":16},"end":{"line":126,"column":49}},"28":{"start":{"line":127,"column":4},"end":{"line":127,"column":21}},"29":{"start":{"line":128,"column":14},"end":{"line":128,"column":45}},"30":{"start":{"line":129,"column":4},"end":{"line":129,"column":22}},"31":{"start":{"line":130,"column":4},"end":{"line":134,"column":7}},"32":{"start":{"line":138,"column":28},"end":{"line":138,"column":56}},"33":{"start":{"line":139,"column":4},"end":{"line":141,"column":6}},"34":{"start":{"line":140,"column":6},"end":{"line":140,"column":33}},"35":{"start":{"line":142,"column":4},"end":{"line":146,"column":6}},"36":{"start":{"line":151,"column":4},"end":{"line":158,"column":5}},"37":{"start":{"line":152,"column":6},"end":{"line":157,"column":12}},"38":{"start":{"line":160,"column":4},"end":{"line":202,"column":5}},"39":{"start":{"line":166,"column":90},"end":{"line":166,"column":122}},"40":{"start":{"line":181,"column":57},"end":{"line":181,"column":90}},"41":{"start":{"line":198,"column":53},"end":{"line":198,"column":78}}},"fnMap":{"0":{"name":"(anonymous_0)","decl":{"start":{"line":15,"column":2},"end":{"line":15,"column":3}},"loc":{"start":{"line":15,"column":21},"end":{"line":58,"column":3}},"line":15},"1":{"name":"(anonymous_1)","decl":{"start":{"line":60,"column":28},"end":{"line":60,"column":29}},"loc":{"start":{"line":60,"column":41},"end":{"line":73,"column":3}},"line":60},"2":{"name":"(anonymous_2)","decl":{"start":{"line":75,"column":9},"end":{"line":75,"column":10}},"loc":{"start":{"line":75,"column":15},"end":{"line":91,"column":3}},"line":75},"3":{"name":"(anonymous_3)","decl":{"start":{"line":76,"column":56},"end":{"line":76,"column":57}},"loc":{"start":{"line":76,"column":70},"end":{"line":89,"column":5}},"line":76},"4":{"name":"(anonymous_4)","decl":{"start":{"line":80,"column":28},"end":{"line":80,"column":29}},"loc":{"start":{"line":80,"column":34},"end":{"line":80,"column":68}},"line":80},"5":{"name":"(anonymous_5)","decl":{"start":{"line":85,"column":46},"end":{"line":85,"column":47}},"loc":{"start":{"line":85,"column":52},"end":{"line":85,"column":83}},"line":85},"6":{"name":"(anonymous_6)","decl":{"start":{"line":93,"column":17},"end":{"line":93,"column":18}},"loc":{"start":{"line":93,"column":34},"end":{"line":103,"column":3}},"line":93},"7":{"name":"(anonymous_7)","decl":{"start":{"line":105,"column":15},"end":{"line":105,"column":16}},"loc":{"start":{"line":105,"column":21},"end":{"line":123,"column":3}},"line":105},"8":{"name":"(anonymous_8)","decl":{"start":{"line":107,"column":56},"end":{"line":107,"column":57}},"loc":{"start":{"line":107,"column":70},"end":{"line":120,"column":7}},"line":107},"9":{"name":"(anonymous_9)","decl":{"start":{"line":116,"column":49},"end":{"line":116,"column":50}},"loc":{"start":{"line":116,"column":55},"end":{"line":116,"column":81}},"line":116},"10":{"name":"(anonymous_10)","decl":{"start":{"line":125,"column":12},"end":{"line":125,"column":13}},"loc":{"start":{"line":125,"column":26},"end":{"line":135,"column":3}},"line":125},"11":{"name":"(anonymous_11)","decl":{"start":{"line":137,"column":23},"end":{"line":137,"column":24}},"loc":{"start":{"line":137,"column":29},"end":{"line":147,"column":3}},"line":137},"12":{"name":"(anonymous_12)","decl":{"start":{"line":139,"column":35},"end":{"line":139,"column":36}},"loc":{"start":{"line":139,"column":51},"end":{"line":141,"column":5}},"line":139},"13":{"name":"(anonymous_13)","decl":{"start":{"line":149,"column":2},"end":{"line":149,"column":3}},"loc":{"start":{"line":149,"column":11},"end":{"line":203,"column":3}},"line":149},"14":{"name":"(anonymous_14)","decl":{"start":{"line":166,"column":84},"end":{"line":166,"column":85}},"loc":{"start":{"line":166,"column":90},"end":{"line":166,"column":122}},"line":166},"15":{"name":"(anonymous_15)","decl":{"start":{"line":181,"column":51},"end":{"line":181,"column":52}},"loc":{"start":{"line":181,"column":57},"end":{"line":181,"column":90}},"line":181},"16":{"name":"(anonymous_16)","decl":{"start":{"line":198,"column":47},"end":{"line":198,"column":48}},"loc":{"start":{"line":198,"column":53},"end":{"line":198,"column":78}},"line":198}},"branchMap":{"0":{"loc":{"start":{"line":50,"column":4},"end":{"line":52,"column":5}},"type":"if","locations":[{"start":{"line":50,"column":4},"end":{"line":52,"column":5}},{"start":{"line":50,"column":4},"end":{"line":52,"column":5}}],"line":50},"1":{"loc":{"start":{"line":106,"column":4},"end":{"line":122,"column":5}},"type":"if","locations":[{"start":{"line":106,"column":4},"end":{"line":122,"column":5}},{"start":{"line":106,"column":4},"end":{"line":122,"column":5}}],"line":106},"2":{"loc":{"start":{"line":151,"column":4},"end":{"line":158,"column":5}},"type":"if","locations":[{"start":{"line":151,"column":4},"end":{"line":158,"column":5}},{"start":{"line":151,"column":4},"end":{"line":158,"column":5}}],"line":151},"3":{"loc":{"start":{"line":165,"column":10},"end":{"line":166,"column":149}},"type":"binary-expr","locations":[{"start":{"line":165,"column":10},"end":{"line":165,"column":47}},{"start":{"line":166,"column":16},"end":{"line":166,"column":149}}],"line":165}},"s":{"0":5,"1":5,"2":5,"3":0,"4":5,"5":5,"6":0,"7":0,"8":0,"9":0,"10":5,"11":25,"12":0,"13":0,"14":5,"15":0,"16":0,"17":0,"18":0,"19":0,"20":0,"21":0,"22":5,"23":5,"24":0,"25":0,"26":5,"27":0,"28":0,"29":0,"30":0,"31":0,"32":0,"33":0,"34":0,"35":0,"36":5,"37":0,"38":5,"39":0,"40":0,"41":0},"f":{"0":5,"1":0,"2":5,"3":25,"4":0,"5":0,"6":0,"7":5,"8":0,"9":0,"10":0,"11":0,"12":0,"13":5,"14":0,"15":0,"16":0},"b":{"0":[0,5],"1":[5,0],"2":[0,5],"3":[5,0]},"_coverageSchema":"332fd63041d2c1bcb487cc26dd0d5f7d97098a6c","hash":"914181b7aa84b3026d94bd14808b6a1ae43241db"}
,"/Users/rahuljain/Desktop/ThinkBridge/shopbridge/src/components/Product.js": {"path":"/Users/rahuljain/Desktop/ThinkBridge/shopbridge/src/components/Product.js","statementMap":{"0":{"start":{"line":5,"column":16},"end":{"line":57,"column":1}},"1":{"start":{"line":6,"column":16},"end":{"line":6,"column":43}},"2":{"start":{"line":7,"column":2},"end":{"line":7,"column":22}},"3":{"start":{"line":8,"column":22},"end":{"line":13,"column":3}},"4":{"start":{"line":14,"column":2},"end":{"line":14,"column":41}},"5":{"start":{"line":15,"column":2},"end":{"line":55,"column":3}},"6":{"start":{"line":44,"column":16},"end":{"line":48,"column":17}}},"fnMap":{"0":{"name":"(anonymous_0)","decl":{"start":{"line":5,"column":16},"end":{"line":5,"column":17}},"loc":{"start":{"line":5,"column":22},"end":{"line":57,"column":1}},"line":5},"1":{"name":"(anonymous_1)","decl":{"start":{"line":43,"column":44},"end":{"line":43,"column":45}},"loc":{"start":{"line":43,"column":60},"end":{"line":49,"column":15}},"line":43}},"branchMap":{},"s":{"0":1,"1":0,"2":0,"3":0,"4":0,"5":0,"6":0},"f":{"0":0,"1":0},"b":{},"_coverageSchema":"332fd63041d2c1bcb487cc26dd0d5f7d97098a6c","hash":"3f8b528d5acc24d2a47a677b7877a6f6becc2892"}
}
