TN:
SF:/Users/rahuljain/Desktop/ThinkBridge/shopbridge/src/App.js
FN:10,(anonymous_0)
FNF:1
FNH:1
FNDA:1,(anonymous_0)
DA:7,1
DA:11,1
DA:12,1
DA:14,1
DA:15,0
DA:16,1
DA:17,0
DA:19,1
DA:21,1
LF:9
LH:7
BRDA:14,0,0,0
BRDA:14,0,1,1
BRDA:16,1,0,0
BRDA:16,1,1,1
BRF:4
BRH:2
end_of_record
TN:
SF:/Users/rahuljain/Desktop/ThinkBridge/shopbridge/src/index.js
FNF:0
FNH:0
DA:1,0
LF:1
LH:0
BRF:0
BRH:0
end_of_record
TN:
SF:/Users/rahuljain/Desktop/ThinkBridge/shopbridge/src/components/Home.js
FN:9,(anonymous_0)
FN:19,(anonymous_1)
FN:41,(anonymous_2)
FN:53,(anonymous_3)
FN:56,(anonymous_4)
FN:59,(anonymous_5)
FN:62,(anonymous_6)
FN:65,(anonymous_7)
FNF:8
FNH:2
FNDA:3,(anonymous_0)
FNDA:0,(anonymous_1)
FNDA:3,(anonymous_2)
FNDA:0,(anonymous_3)
FNDA:0,(anonymous_4)
FNDA:0,(anonymous_5)
FNDA:0,(anonymous_6)
FNDA:0,(anonymous_7)
DA:10,3
DA:11,3
DA:29,0
DA:35,0
DA:38,0
DA:42,3
DA:43,0
DA:45,3
DA:53,0
DA:56,0
DA:59,0
DA:62,0
DA:65,0
LF:13
LH:4
BRDA:42,0,0,0
BRDA:42,0,1,3
BRDA:69,1,0,3
BRDA:69,1,1,0
BRF:4
BRH:2
end_of_record
TN:
SF:/Users/rahuljain/Desktop/ThinkBridge/shopbridge/src/components/Inventory.js
FN:15,(anonymous_0)
FN:60,(anonymous_1)
FN:75,(anonymous_2)
FN:76,(anonymous_3)
FN:80,(anonymous_4)
FN:85,(anonymous_5)
FN:93,(anonymous_6)
FN:105,(anonymous_7)
FN:107,(anonymous_8)
FN:116,(anonymous_9)
FN:125,(anonymous_10)
FN:137,(anonymous_11)
FN:139,(anonymous_12)
FN:149,(anonymous_13)
FN:166,(anonymous_14)
FN:181,(anonymous_15)
FN:198,(anonymous_16)
FNF:17
FNH:5
FNDA:5,(anonymous_0)
FNDA:0,(anonymous_1)
FNDA:5,(anonymous_2)
FNDA:25,(anonymous_3)
FNDA:0,(anonymous_4)
FNDA:0,(anonymous_5)
FNDA:0,(anonymous_6)
FNDA:5,(anonymous_7)
FNDA:0,(anonymous_8)
FNDA:0,(anonymous_9)
FNDA:0,(anonymous_10)
FNDA:0,(anonymous_11)
FNDA:0,(anonymous_12)
FNDA:5,(anonymous_13)
FNDA:0,(anonymous_14)
FNDA:0,(anonymous_15)
FNDA:0,(anonymous_16)
DA:16,5
DA:18,5
DA:50,5
DA:51,0
DA:53,5
DA:57,5
DA:61,0
DA:62,0
DA:68,0
DA:72,0
DA:76,5
DA:77,25
DA:80,0
DA:85,0
DA:90,5
DA:94,0
DA:95,0
DA:96,0
DA:99,0
DA:100,0
DA:101,0
DA:102,0
DA:106,5
DA:107,5
DA:108,0
DA:116,0
DA:121,5
DA:126,0
DA:127,0
DA:128,0
DA:129,0
DA:130,0
DA:138,0
DA:139,0
DA:140,0
DA:142,0
DA:151,5
DA:152,0
DA:160,5
DA:166,0
DA:181,0
DA:198,0
LF:42
LH:13
BRDA:50,0,0,0
BRDA:50,0,1,5
BRDA:106,1,0,5
BRDA:106,1,1,0
BRDA:151,2,0,0
BRDA:151,2,1,5
BRDA:165,3,0,5
BRDA:165,3,1,0
BRF:8
BRH:4
end_of_record
TN:
SF:/Users/rahuljain/Desktop/ThinkBridge/shopbridge/src/components/Product.js
FN:5,(anonymous_0)
FN:43,(anonymous_1)
FNF:2
FNH:0
FNDA:0,(anonymous_0)
FNDA:0,(anonymous_1)
DA:5,1
DA:6,0
DA:7,0
DA:8,0
DA:14,0
DA:15,0
DA:44,0
LF:7
LH:1
BRF:0
BRH:0
end_of_record
